{"/Users/jorgetrejo/Desktop/Projects/fullStackChallenge/server/documentation/swagger.js": {"path":"/Users/jorgetrejo/Desktop/Projects/fullStackChallenge/server/documentation/swagger.js","statementMap":{"0":{"start":{"line":3,"column":26},"end":{"line":105,"column":1}},"1":{"start":{"line":107,"column":16},"end":{"line":111,"column":1}},"2":{"start":{"line":113,"column":22},"end":{"line":113,"column":43}}},"fnMap":{},"branchMap":{},"s":{"0":1,"1":1,"2":1},"f":{},"b":{},"_coverageSchema":"1a1c01bbd47fc00a2c39e90264f33305004495a9","hash":"59d59091a28cab46d84114ad4bc37f8126ecf6db"}
,"/Users/jorgetrejo/Desktop/Projects/fullStackChallenge/server/src/index.js": {"path":"/Users/jorgetrejo/Desktop/Projects/fullStackChallenge/server/src/index.js","statementMap":{"0":{"start":{"line":18,"column":12},"end":{"line":18,"column":21}},"1":{"start":{"line":21,"column":0},"end":{"line":21,"column":40}},"2":{"start":{"line":22,"column":0},"end":{"line":22,"column":49}},"3":{"start":{"line":25,"column":0},"end":{"line":25,"column":16}},"4":{"start":{"line":28,"column":13},"end":{"line":28,"column":37}},"5":{"start":{"line":29,"column":17},"end":{"line":29,"column":54}},"6":{"start":{"line":32,"column":0},"end":{"line":40,"column":5}},"7":{"start":{"line":33,"column":2},"end":{"line":39,"column":3}},"8":{"start":{"line":34,"column":4},"end":{"line":34,"column":27}},"9":{"start":{"line":35,"column":4},"end":{"line":35,"column":35}},"10":{"start":{"line":36,"column":4},"end":{"line":36,"column":65}},"11":{"start":{"line":38,"column":4},"end":{"line":38,"column":63}},"12":{"start":{"line":43,"column":0},"end":{"line":43,"column":16}},"13":{"start":{"line":46,"column":0},"end":{"line":46,"column":37}},"14":{"start":{"line":47,"column":0},"end":{"line":47,"column":36}},"15":{"start":{"line":48,"column":0},"end":{"line":48,"column":37}},"16":{"start":{"line":50,"column":0},"end":{"line":54,"column":2}},"17":{"start":{"line":57,"column":0},"end":{"line":61,"column":1}},"18":{"start":{"line":58,"column":2},"end":{"line":60,"column":5}},"19":{"start":{"line":59,"column":4},"end":{"line":59,"column":55}}},"fnMap":{"0":{"name":"(anonymous_0)","decl":{"start":{"line":32,"column":1},"end":{"line":32,"column":2}},"loc":{"start":{"line":32,"column":13},"end":{"line":40,"column":1}},"line":32},"1":{"name":"(anonymous_1)","decl":{"start":{"line":58,"column":19},"end":{"line":58,"column":20}},"loc":{"start":{"line":58,"column":25},"end":{"line":60,"column":3}},"line":58}},"branchMap":{"0":{"loc":{"start":{"line":28,"column":13},"end":{"line":28,"column":37}},"type":"binary-expr","locations":[{"start":{"line":28,"column":13},"end":{"line":28,"column":29}},{"start":{"line":28,"column":33},"end":{"line":28,"column":37}}],"line":28},"1":{"loc":{"start":{"line":29,"column":17},"end":{"line":29,"column":54}},"type":"binary-expr","locations":[{"start":{"line":29,"column":17},"end":{"line":29,"column":37}},{"start":{"line":29,"column":41},"end":{"line":29,"column":54}}],"line":29},"2":{"loc":{"start":{"line":57,"column":0},"end":{"line":61,"column":1}},"type":"if","locations":[{"start":{"line":57,"column":0},"end":{"line":61,"column":1}},{"start":{},"end":{}}],"line":57}},"s":{"0":1,"1":1,"2":1,"3":1,"4":1,"5":1,"6":1,"7":1,"8":1,"9":1,"10":1,"11":0,"12":1,"13":1,"14":1,"15":1,"16":1,"17":1,"18":0,"19":0},"f":{"0":1,"1":0},"b":{"0":[1,0],"1":[1,0],"2":[0,1]},"_coverageSchema":"1a1c01bbd47fc00a2c39e90264f33305004495a9","hash":"a386bb5568c887e3db7674e6e19fe18b6bdc59d8"}
,"/Users/jorgetrejo/Desktop/Projects/fullStackChallenge/server/src/controllers/auth.controller.js": {"path":"/Users/jorgetrejo/Desktop/Projects/fullStackChallenge/server/src/controllers/auth.controller.js","statementMap":{"0":{"start":{"line":6,"column":21},"end":{"line":44,"column":1}},"1":{"start":{"line":7,"column":30},"end":{"line":7,"column":38}},"2":{"start":{"line":9,"column":15},"end":{"line":9,"column":76}},"3":{"start":{"line":12,"column":2},"end":{"line":18,"column":3}},"4":{"start":{"line":13,"column":4},"end":{"line":17,"column":7}},"5":{"start":{"line":21,"column":18},"end":{"line":21,"column":63}},"6":{"start":{"line":23,"column":2},"end":{"line":29,"column":3}},"7":{"start":{"line":24,"column":4},"end":{"line":28,"column":7}},"8":{"start":{"line":31,"column":2},"end":{"line":43,"column":3}},"9":{"start":{"line":33,"column":18},"end":{"line":33,"column":44}},"10":{"start":{"line":35,"column":4},"end":{"line":35,"column":55}},"11":{"start":{"line":37,"column":4},"end":{"line":37,"column":63}},"12":{"start":{"line":39,"column":4},"end":{"line":39,"column":23}},"13":{"start":{"line":40,"column":4},"end":{"line":42,"column":78}},"14":{"start":{"line":47,"column":26},"end":{"line":50,"column":1}},"15":{"start":{"line":48,"column":19},"end":{"line":48,"column":22}},"16":{"start":{"line":49,"column":2},"end":{"line":49,"column":36}}},"fnMap":{"0":{"name":"(anonymous_0)","decl":{"start":{"line":6,"column":21},"end":{"line":6,"column":22}},"loc":{"start":{"line":6,"column":41},"end":{"line":44,"column":1}},"line":6},"1":{"name":"(anonymous_1)","decl":{"start":{"line":47,"column":26},"end":{"line":47,"column":27}},"loc":{"start":{"line":47,"column":46},"end":{"line":50,"column":1}},"line":47}},"branchMap":{"0":{"loc":{"start":{"line":12,"column":2},"end":{"line":18,"column":3}},"type":"if","locations":[{"start":{"line":12,"column":2},"end":{"line":18,"column":3}},{"start":{},"end":{}}],"line":12},"1":{"loc":{"start":{"line":23,"column":2},"end":{"line":29,"column":3}},"type":"if","locations":[{"start":{"line":23,"column":2},"end":{"line":29,"column":3}},{"start":{},"end":{}}],"line":23}},"s":{"0":1,"1":2,"2":2,"3":2,"4":1,"5":1,"6":1,"7":0,"8":1,"9":1,"10":1,"11":1,"12":0,"13":0,"14":1,"15":0,"16":0},"f":{"0":2,"1":0},"b":{"0":[1,1],"1":[0,1]},"_coverageSchema":"1a1c01bbd47fc00a2c39e90264f33305004495a9","hash":"e68c34a080c214ed72c1d71b361c2f6a96b583ce"}
,"/Users/jorgetrejo/Desktop/Projects/fullStackChallenge/server/src/controllers/post.controller.js": {"path":"/Users/jorgetrejo/Desktop/Projects/fullStackChallenge/server/src/controllers/post.controller.js","statementMap":{"0":{"start":{"line":7,"column":26},"end":{"line":52,"column":1}},"1":{"start":{"line":8,"column":19},"end":{"line":8,"column":22}},"2":{"start":{"line":9,"column":26},"end":{"line":9,"column":34}},"3":{"start":{"line":13,"column":23},"end":{"line":15,"column":3}},"4":{"start":{"line":14,"column":20},"end":{"line":14,"column":51}},"5":{"start":{"line":17,"column":2},"end":{"line":23,"column":3}},"6":{"start":{"line":18,"column":4},"end":{"line":22,"column":7}},"7":{"start":{"line":25,"column":2},"end":{"line":51,"column":3}},"8":{"start":{"line":27,"column":17},"end":{"line":31,"column":6}},"9":{"start":{"line":34,"column":22},"end":{"line":34,"column":39}},"10":{"start":{"line":37,"column":16},"end":{"line":39,"column":6}},"11":{"start":{"line":42,"column":4},"end":{"line":42,"column":21}},"12":{"start":{"line":45,"column":4},"end":{"line":45,"column":67}},"13":{"start":{"line":47,"column":4},"end":{"line":47,"column":23}},"14":{"start":{"line":48,"column":4},"end":{"line":50,"column":78}},"15":{"start":{"line":55,"column":27},"end":{"line":77,"column":1}},"16":{"start":{"line":56,"column":2},"end":{"line":76,"column":3}},"17":{"start":{"line":58,"column":18},"end":{"line":67,"column":6}},"18":{"start":{"line":70,"column":4},"end":{"line":70,"column":57}},"19":{"start":{"line":72,"column":4},"end":{"line":72,"column":23}},"20":{"start":{"line":73,"column":4},"end":{"line":75,"column":78}},"21":{"start":{"line":80,"column":28},"end":{"line":113,"column":1}},"22":{"start":{"line":81,"column":17},"end":{"line":81,"column":27}},"23":{"start":{"line":82,"column":28},"end":{"line":82,"column":36}},"24":{"start":{"line":85,"column":15},"end":{"line":85,"column":38}},"25":{"start":{"line":87,"column":2},"end":{"line":93,"column":3}},"26":{"start":{"line":88,"column":4},"end":{"line":92,"column":7}},"27":{"start":{"line":95,"column":2},"end":{"line":112,"column":3}},"28":{"start":{"line":97,"column":19},"end":{"line":101,"column":6}},"29":{"start":{"line":104,"column":24},"end":{"line":104,"column":43}},"30":{"start":{"line":106,"column":4},"end":{"line":106,"column":71}},"31":{"start":{"line":108,"column":4},"end":{"line":108,"column":23}},"32":{"start":{"line":109,"column":4},"end":{"line":111,"column":78}},"33":{"start":{"line":116,"column":27},"end":{"line":141,"column":1}},"34":{"start":{"line":117,"column":17},"end":{"line":117,"column":27}},"35":{"start":{"line":120,"column":15},"end":{"line":122,"column":4}},"36":{"start":{"line":124,"column":2},"end":{"line":130,"column":3}},"37":{"start":{"line":125,"column":4},"end":{"line":129,"column":7}},"38":{"start":{"line":132,"column":2},"end":{"line":140,"column":3}},"39":{"start":{"line":134,"column":4},"end":{"line":134,"column":56}},"40":{"start":{"line":136,"column":4},"end":{"line":136,"column":23}},"41":{"start":{"line":137,"column":4},"end":{"line":139,"column":78}},"42":{"start":{"line":144,"column":26},"end":{"line":198,"column":1}},"43":{"start":{"line":145,"column":19},"end":{"line":145,"column":22}},"44":{"start":{"line":146,"column":17},"end":{"line":146,"column":27}},"45":{"start":{"line":147,"column":26},"end":{"line":147,"column":34}},"46":{"start":{"line":151,"column":26},"end":{"line":153,"column":3}},"47":{"start":{"line":152,"column":20},"end":{"line":152,"column":54}},"48":{"start":{"line":155,"column":2},"end":{"line":161,"column":3}},"49":{"start":{"line":156,"column":4},"end":{"line":160,"column":7}},"50":{"start":{"line":164,"column":15},"end":{"line":164,"column":38}},"51":{"start":{"line":166,"column":2},"end":{"line":172,"column":3}},"52":{"start":{"line":167,"column":4},"end":{"line":171,"column":7}},"53":{"start":{"line":174,"column":2},"end":{"line":197,"column":3}},"54":{"start":{"line":176,"column":4},"end":{"line":176,"column":37}},"55":{"start":{"line":177,"column":4},"end":{"line":177,"column":34}},"56":{"start":{"line":180,"column":22},"end":{"line":180,"column":39}},"57":{"start":{"line":183,"column":16},"end":{"line":185,"column":6}},"58":{"start":{"line":188,"column":4},"end":{"line":188,"column":21}},"59":{"start":{"line":191,"column":4},"end":{"line":191,"column":67}},"60":{"start":{"line":193,"column":4},"end":{"line":193,"column":23}},"61":{"start":{"line":194,"column":4},"end":{"line":196,"column":78}},"62":{"start":{"line":201,"column":26},"end":{"line":250,"column":1}},"63":{"start":{"line":202,"column":19},"end":{"line":202,"column":22}},"64":{"start":{"line":203,"column":17},"end":{"line":203,"column":27}},"65":{"start":{"line":207,"column":23},"end":{"line":209,"column":3}},"66":{"start":{"line":208,"column":20},"end":{"line":208,"column":51}},"67":{"start":{"line":211,"column":2},"end":{"line":217,"column":3}},"68":{"start":{"line":212,"column":4},"end":{"line":216,"column":7}},"69":{"start":{"line":220,"column":15},"end":{"line":220,"column":38}},"70":{"start":{"line":222,"column":2},"end":{"line":228,"column":3}},"71":{"start":{"line":223,"column":4},"end":{"line":227,"column":7}},"72":{"start":{"line":230,"column":2},"end":{"line":249,"column":3}},"73":{"start":{"line":232,"column":4},"end":{"line":232,"column":42}},"74":{"start":{"line":235,"column":16},"end":{"line":237,"column":6}},"75":{"start":{"line":240,"column":4},"end":{"line":240,"column":21}},"76":{"start":{"line":243,"column":4},"end":{"line":243,"column":71}},"77":{"start":{"line":245,"column":4},"end":{"line":245,"column":23}},"78":{"start":{"line":246,"column":4},"end":{"line":248,"column":78}},"79":{"start":{"line":253,"column":26},"end":{"line":283,"column":1}},"80":{"start":{"line":254,"column":19},"end":{"line":254,"column":22}},"81":{"start":{"line":257,"column":18},"end":{"line":259,"column":3}},"82":{"start":{"line":258,"column":20},"end":{"line":258,"column":47}},"83":{"start":{"line":261,"column":2},"end":{"line":267,"column":3}},"84":{"start":{"line":262,"column":4},"end":{"line":266,"column":7}},"85":{"start":{"line":269,"column":2},"end":{"line":282,"column":3}},"86":{"start":{"line":271,"column":17},"end":{"line":273,"column":6}},"87":{"start":{"line":276,"column":4},"end":{"line":276,"column":56}},"88":{"start":{"line":278,"column":4},"end":{"line":278,"column":23}},"89":{"start":{"line":279,"column":4},"end":{"line":281,"column":78}}},"fnMap":{"0":{"name":"(anonymous_0)","decl":{"start":{"line":7,"column":26},"end":{"line":7,"column":27}},"loc":{"start":{"line":7,"column":46},"end":{"line":52,"column":1}},"line":7},"1":{"name":"(anonymous_1)","decl":{"start":{"line":14,"column":4},"end":{"line":14,"column":5}},"loc":{"start":{"line":14,"column":20},"end":{"line":14,"column":51}},"line":14},"2":{"name":"(anonymous_2)","decl":{"start":{"line":55,"column":27},"end":{"line":55,"column":28}},"loc":{"start":{"line":55,"column":47},"end":{"line":77,"column":1}},"line":55},"3":{"name":"(anonymous_3)","decl":{"start":{"line":80,"column":28},"end":{"line":80,"column":29}},"loc":{"start":{"line":80,"column":48},"end":{"line":113,"column":1}},"line":80},"4":{"name":"(anonymous_4)","decl":{"start":{"line":116,"column":27},"end":{"line":116,"column":28}},"loc":{"start":{"line":116,"column":47},"end":{"line":141,"column":1}},"line":116},"5":{"name":"(anonymous_5)","decl":{"start":{"line":144,"column":26},"end":{"line":144,"column":27}},"loc":{"start":{"line":144,"column":46},"end":{"line":198,"column":1}},"line":144},"6":{"name":"(anonymous_6)","decl":{"start":{"line":152,"column":4},"end":{"line":152,"column":5}},"loc":{"start":{"line":152,"column":20},"end":{"line":152,"column":54}},"line":152},"7":{"name":"(anonymous_7)","decl":{"start":{"line":201,"column":26},"end":{"line":201,"column":27}},"loc":{"start":{"line":201,"column":46},"end":{"line":250,"column":1}},"line":201},"8":{"name":"(anonymous_8)","decl":{"start":{"line":208,"column":4},"end":{"line":208,"column":5}},"loc":{"start":{"line":208,"column":20},"end":{"line":208,"column":51}},"line":208},"9":{"name":"(anonymous_9)","decl":{"start":{"line":253,"column":26},"end":{"line":253,"column":27}},"loc":{"start":{"line":253,"column":46},"end":{"line":283,"column":1}},"line":253},"10":{"name":"(anonymous_10)","decl":{"start":{"line":258,"column":4},"end":{"line":258,"column":5}},"loc":{"start":{"line":258,"column":20},"end":{"line":258,"column":47}},"line":258}},"branchMap":{"0":{"loc":{"start":{"line":17,"column":2},"end":{"line":23,"column":3}},"type":"if","locations":[{"start":{"line":17,"column":2},"end":{"line":23,"column":3}},{"start":{},"end":{}}],"line":17},"1":{"loc":{"start":{"line":87,"column":2},"end":{"line":93,"column":3}},"type":"if","locations":[{"start":{"line":87,"column":2},"end":{"line":93,"column":3}},{"start":{},"end":{}}],"line":87},"2":{"loc":{"start":{"line":124,"column":2},"end":{"line":130,"column":3}},"type":"if","locations":[{"start":{"line":124,"column":2},"end":{"line":130,"column":3}},{"start":{},"end":{}}],"line":124},"3":{"loc":{"start":{"line":155,"column":2},"end":{"line":161,"column":3}},"type":"if","locations":[{"start":{"line":155,"column":2},"end":{"line":161,"column":3}},{"start":{},"end":{}}],"line":155},"4":{"loc":{"start":{"line":166,"column":2},"end":{"line":172,"column":3}},"type":"if","locations":[{"start":{"line":166,"column":2},"end":{"line":172,"column":3}},{"start":{},"end":{}}],"line":166},"5":{"loc":{"start":{"line":176,"column":17},"end":{"line":176,"column":36}},"type":"binary-expr","locations":[{"start":{"line":176,"column":17},"end":{"line":176,"column":22}},{"start":{"line":176,"column":26},"end":{"line":176,"column":36}}],"line":176},"6":{"loc":{"start":{"line":177,"column":16},"end":{"line":177,"column":33}},"type":"binary-expr","locations":[{"start":{"line":177,"column":16},"end":{"line":177,"column":20}},{"start":{"line":177,"column":24},"end":{"line":177,"column":33}}],"line":177},"7":{"loc":{"start":{"line":211,"column":2},"end":{"line":217,"column":3}},"type":"if","locations":[{"start":{"line":211,"column":2},"end":{"line":217,"column":3}},{"start":{},"end":{}}],"line":211},"8":{"loc":{"start":{"line":222,"column":2},"end":{"line":228,"column":3}},"type":"if","locations":[{"start":{"line":222,"column":2},"end":{"line":228,"column":3}},{"start":{},"end":{}}],"line":222},"9":{"loc":{"start":{"line":261,"column":2},"end":{"line":267,"column":3}},"type":"if","locations":[{"start":{"line":261,"column":2},"end":{"line":267,"column":3}},{"start":{},"end":{}}],"line":261}},"s":{"0":1,"1":0,"2":0,"3":0,"4":0,"5":0,"6":0,"7":0,"8":0,"9":0,"10":0,"11":0,"12":0,"13":0,"14":0,"15":1,"16":0,"17":0,"18":0,"19":0,"20":0,"21":1,"22":0,"23":0,"24":0,"25":0,"26":0,"27":0,"28":0,"29":0,"30":0,"31":0,"32":0,"33":1,"34":0,"35":0,"36":0,"37":0,"38":0,"39":0,"40":0,"41":0,"42":1,"43":0,"44":0,"45":0,"46":0,"47":0,"48":0,"49":0,"50":0,"51":0,"52":0,"53":0,"54":0,"55":0,"56":0,"57":0,"58":0,"59":0,"60":0,"61":0,"62":1,"63":0,"64":0,"65":0,"66":0,"67":0,"68":0,"69":0,"70":0,"71":0,"72":0,"73":0,"74":0,"75":0,"76":0,"77":0,"78":0,"79":1,"80":0,"81":0,"82":0,"83":0,"84":0,"85":0,"86":0,"87":0,"88":0,"89":0},"f":{"0":0,"1":0,"2":0,"3":0,"4":0,"5":0,"6":0,"7":0,"8":0,"9":0,"10":0},"b":{"0":[0,0],"1":[0,0],"2":[0,0],"3":[0,0],"4":[0,0],"5":[0,0],"6":[0,0],"7":[0,0],"8":[0,0],"9":[0,0]},"_coverageSchema":"1a1c01bbd47fc00a2c39e90264f33305004495a9","hash":"4a62f9856f2385f5fd5819258dc1bf2c32a99666"}
,"/Users/jorgetrejo/Desktop/Projects/fullStackChallenge/server/src/controllers/user.controller.js": {"path":"/Users/jorgetrejo/Desktop/Projects/fullStackChallenge/server/src/controllers/user.controller.js","statementMap":{"0":{"start":{"line":6,"column":26},"end":{"line":63,"column":1}},"1":{"start":{"line":7,"column":19},"end":{"line":7,"column":22}},"2":{"start":{"line":8,"column":46},"end":{"line":8,"column":54}},"3":{"start":{"line":11,"column":18},"end":{"line":13,"column":3}},"4":{"start":{"line":12,"column":20},"end":{"line":12,"column":47}},"5":{"start":{"line":15,"column":2},"end":{"line":21,"column":3}},"6":{"start":{"line":16,"column":4},"end":{"line":20,"column":7}},"7":{"start":{"line":24,"column":22},"end":{"line":24,"column":69}},"8":{"start":{"line":26,"column":2},"end":{"line":32,"column":3}},"9":{"start":{"line":27,"column":4},"end":{"line":31,"column":7}},"10":{"start":{"line":34,"column":2},"end":{"line":62,"column":3}},"11":{"start":{"line":35,"column":17},"end":{"line":35,"column":41}},"12":{"start":{"line":36,"column":27},"end":{"line":36,"column":60}},"13":{"start":{"line":38,"column":17},"end":{"line":44,"column":6}},"14":{"start":{"line":46,"column":22},"end":{"line":46,"column":39}},"15":{"start":{"line":49,"column":4},"end":{"line":49,"column":60}},"16":{"start":{"line":51,"column":4},"end":{"line":56,"column":7}},"17":{"start":{"line":58,"column":4},"end":{"line":58,"column":23}},"18":{"start":{"line":59,"column":4},"end":{"line":61,"column":78}},"19":{"start":{"line":66,"column":27},"end":{"line":97,"column":1}},"20":{"start":{"line":67,"column":19},"end":{"line":67,"column":22}},"21":{"start":{"line":70,"column":18},"end":{"line":72,"column":3}},"22":{"start":{"line":71,"column":20},"end":{"line":71,"column":47}},"23":{"start":{"line":74,"column":2},"end":{"line":80,"column":3}},"24":{"start":{"line":75,"column":4},"end":{"line":79,"column":7}},"25":{"start":{"line":82,"column":2},"end":{"line":96,"column":3}},"26":{"start":{"line":83,"column":18},"end":{"line":86,"column":6}},"27":{"start":{"line":87,"column":4},"end":{"line":90,"column":7}},"28":{"start":{"line":92,"column":4},"end":{"line":92,"column":23}},"29":{"start":{"line":93,"column":4},"end":{"line":95,"column":78}},"30":{"start":{"line":100,"column":27},"end":{"line":141,"column":1}},"31":{"start":{"line":101,"column":19},"end":{"line":101,"column":22}},"32":{"start":{"line":102,"column":17},"end":{"line":102,"column":27}},"33":{"start":{"line":105,"column":18},"end":{"line":107,"column":3}},"34":{"start":{"line":106,"column":20},"end":{"line":106,"column":47}},"35":{"start":{"line":109,"column":2},"end":{"line":115,"column":3}},"36":{"start":{"line":110,"column":4},"end":{"line":114,"column":7}},"37":{"start":{"line":118,"column":2},"end":{"line":118,"column":15}},"38":{"start":{"line":120,"column":15},"end":{"line":123,"column":4}},"39":{"start":{"line":125,"column":2},"end":{"line":131,"column":3}},"40":{"start":{"line":126,"column":4},"end":{"line":130,"column":7}},"41":{"start":{"line":133,"column":2},"end":{"line":140,"column":3}},"42":{"start":{"line":134,"column":4},"end":{"line":134,"column":56}},"43":{"start":{"line":136,"column":4},"end":{"line":136,"column":23}},"44":{"start":{"line":137,"column":4},"end":{"line":139,"column":78}},"45":{"start":{"line":144,"column":26},"end":{"line":210,"column":1}},"46":{"start":{"line":145,"column":19},"end":{"line":145,"column":22}},"47":{"start":{"line":146,"column":17},"end":{"line":146,"column":27}},"48":{"start":{"line":147,"column":46},"end":{"line":147,"column":54}},"49":{"start":{"line":150,"column":18},"end":{"line":152,"column":3}},"50":{"start":{"line":151,"column":20},"end":{"line":151,"column":47}},"51":{"start":{"line":154,"column":2},"end":{"line":160,"column":3}},"52":{"start":{"line":155,"column":4},"end":{"line":159,"column":7}},"53":{"start":{"line":163,"column":2},"end":{"line":163,"column":15}},"54":{"start":{"line":165,"column":15},"end":{"line":165,"column":38}},"55":{"start":{"line":167,"column":2},"end":{"line":173,"column":3}},"56":{"start":{"line":168,"column":4},"end":{"line":172,"column":7}},"57":{"start":{"line":175,"column":2},"end":{"line":186,"column":3}},"58":{"start":{"line":177,"column":24},"end":{"line":177,"column":71}},"59":{"start":{"line":179,"column":4},"end":{"line":185,"column":5}},"60":{"start":{"line":180,"column":6},"end":{"line":184,"column":9}},"61":{"start":{"line":188,"column":2},"end":{"line":209,"column":3}},"62":{"start":{"line":191,"column":4},"end":{"line":194,"column":5}},"63":{"start":{"line":192,"column":19},"end":{"line":192,"column":43}},"64":{"start":{"line":193,"column":6},"end":{"line":193,"column":57}},"65":{"start":{"line":196,"column":4},"end":{"line":196,"column":34}},"66":{"start":{"line":197,"column":4},"end":{"line":197,"column":46}},"67":{"start":{"line":198,"column":4},"end":{"line":198,"column":52}},"68":{"start":{"line":199,"column":4},"end":{"line":199,"column":52}},"69":{"start":{"line":201,"column":22},"end":{"line":201,"column":39}},"70":{"start":{"line":203,"column":4},"end":{"line":203,"column":67}},"71":{"start":{"line":205,"column":4},"end":{"line":205,"column":23}},"72":{"start":{"line":206,"column":4},"end":{"line":208,"column":78}},"73":{"start":{"line":213,"column":29},"end":{"line":276,"column":1}},"74":{"start":{"line":214,"column":19},"end":{"line":214,"column":22}},"75":{"start":{"line":215,"column":17},"end":{"line":215,"column":27}},"76":{"start":{"line":216,"column":25},"end":{"line":216,"column":33}},"77":{"start":{"line":219,"column":18},"end":{"line":221,"column":3}},"78":{"start":{"line":220,"column":20},"end":{"line":220,"column":47}},"79":{"start":{"line":223,"column":2},"end":{"line":229,"column":3}},"80":{"start":{"line":224,"column":4},"end":{"line":228,"column":7}},"81":{"start":{"line":232,"column":2},"end":{"line":232,"column":15}},"82":{"start":{"line":234,"column":15},"end":{"line":234,"column":38}},"83":{"start":{"line":236,"column":2},"end":{"line":242,"column":3}},"84":{"start":{"line":237,"column":4},"end":{"line":241,"column":7}},"85":{"start":{"line":244,"column":25},"end":{"line":244,"column":49}},"86":{"start":{"line":246,"column":27},"end":{"line":248,"column":4}},"87":{"start":{"line":250,"column":2},"end":{"line":256,"column":3}},"88":{"start":{"line":251,"column":4},"end":{"line":255,"column":7}},"89":{"start":{"line":258,"column":2},"end":{"line":275,"column":3}},"90":{"start":{"line":259,"column":26},"end":{"line":262,"column":6}},"91":{"start":{"line":264,"column":28},"end":{"line":264,"column":54}},"92":{"start":{"line":266,"column":4},"end":{"line":269,"column":7}},"93":{"start":{"line":271,"column":4},"end":{"line":271,"column":23}},"94":{"start":{"line":272,"column":4},"end":{"line":274,"column":78}},"95":{"start":{"line":279,"column":32},"end":{"line":339,"column":1}},"96":{"start":{"line":280,"column":19},"end":{"line":280,"column":22}},"97":{"start":{"line":281,"column":17},"end":{"line":281,"column":27}},"98":{"start":{"line":282,"column":25},"end":{"line":282,"column":33}},"99":{"start":{"line":285,"column":18},"end":{"line":287,"column":3}},"100":{"start":{"line":286,"column":20},"end":{"line":286,"column":47}},"101":{"start":{"line":289,"column":2},"end":{"line":295,"column":3}},"102":{"start":{"line":290,"column":4},"end":{"line":294,"column":7}},"103":{"start":{"line":298,"column":2},"end":{"line":298,"column":15}},"104":{"start":{"line":300,"column":15},"end":{"line":300,"column":38}},"105":{"start":{"line":302,"column":2},"end":{"line":308,"column":3}},"106":{"start":{"line":303,"column":4},"end":{"line":307,"column":7}},"107":{"start":{"line":310,"column":25},"end":{"line":310,"column":49}},"108":{"start":{"line":312,"column":27},"end":{"line":314,"column":4}},"109":{"start":{"line":316,"column":2},"end":{"line":322,"column":3}},"110":{"start":{"line":317,"column":4},"end":{"line":321,"column":7}},"111":{"start":{"line":324,"column":2},"end":{"line":338,"column":3}},"112":{"start":{"line":325,"column":4},"end":{"line":327,"column":7}},"113":{"start":{"line":329,"column":4},"end":{"line":332,"column":7}},"114":{"start":{"line":334,"column":4},"end":{"line":334,"column":23}},"115":{"start":{"line":335,"column":4},"end":{"line":337,"column":78}},"116":{"start":{"line":342,"column":26},"end":{"line":385,"column":1}},"117":{"start":{"line":343,"column":19},"end":{"line":343,"column":22}},"118":{"start":{"line":344,"column":17},"end":{"line":344,"column":27}},"119":{"start":{"line":347,"column":18},"end":{"line":349,"column":3}},"120":{"start":{"line":348,"column":20},"end":{"line":348,"column":47}},"121":{"start":{"line":351,"column":2},"end":{"line":357,"column":3}},"122":{"start":{"line":352,"column":4},"end":{"line":356,"column":7}},"123":{"start":{"line":360,"column":2},"end":{"line":360,"column":15}},"124":{"start":{"line":362,"column":15},"end":{"line":362,"column":38}},"125":{"start":{"line":364,"column":2},"end":{"line":370,"column":3}},"126":{"start":{"line":365,"column":4},"end":{"line":369,"column":7}},"127":{"start":{"line":372,"column":2},"end":{"line":384,"column":3}},"128":{"start":{"line":373,"column":4},"end":{"line":373,"column":42}},"129":{"start":{"line":375,"column":4},"end":{"line":378,"column":7}},"130":{"start":{"line":380,"column":4},"end":{"line":380,"column":23}},"131":{"start":{"line":381,"column":4},"end":{"line":383,"column":78}}},"fnMap":{"0":{"name":"(anonymous_0)","decl":{"start":{"line":6,"column":26},"end":{"line":6,"column":27}},"loc":{"start":{"line":6,"column":46},"end":{"line":63,"column":1}},"line":6},"1":{"name":"(anonymous_1)","decl":{"start":{"line":12,"column":4},"end":{"line":12,"column":5}},"loc":{"start":{"line":12,"column":20},"end":{"line":12,"column":47}},"line":12},"2":{"name":"(anonymous_2)","decl":{"start":{"line":66,"column":27},"end":{"line":66,"column":28}},"loc":{"start":{"line":66,"column":47},"end":{"line":97,"column":1}},"line":66},"3":{"name":"(anonymous_3)","decl":{"start":{"line":71,"column":4},"end":{"line":71,"column":5}},"loc":{"start":{"line":71,"column":20},"end":{"line":71,"column":47}},"line":71},"4":{"name":"(anonymous_4)","decl":{"start":{"line":100,"column":27},"end":{"line":100,"column":28}},"loc":{"start":{"line":100,"column":47},"end":{"line":141,"column":1}},"line":100},"5":{"name":"(anonymous_5)","decl":{"start":{"line":106,"column":4},"end":{"line":106,"column":5}},"loc":{"start":{"line":106,"column":20},"end":{"line":106,"column":47}},"line":106},"6":{"name":"(anonymous_6)","decl":{"start":{"line":144,"column":26},"end":{"line":144,"column":27}},"loc":{"start":{"line":144,"column":46},"end":{"line":210,"column":1}},"line":144},"7":{"name":"(anonymous_7)","decl":{"start":{"line":151,"column":4},"end":{"line":151,"column":5}},"loc":{"start":{"line":151,"column":20},"end":{"line":151,"column":47}},"line":151},"8":{"name":"(anonymous_8)","decl":{"start":{"line":213,"column":29},"end":{"line":213,"column":30}},"loc":{"start":{"line":213,"column":49},"end":{"line":276,"column":1}},"line":213},"9":{"name":"(anonymous_9)","decl":{"start":{"line":220,"column":4},"end":{"line":220,"column":5}},"loc":{"start":{"line":220,"column":20},"end":{"line":220,"column":47}},"line":220},"10":{"name":"(anonymous_10)","decl":{"start":{"line":279,"column":32},"end":{"line":279,"column":33}},"loc":{"start":{"line":279,"column":52},"end":{"line":339,"column":1}},"line":279},"11":{"name":"(anonymous_11)","decl":{"start":{"line":286,"column":4},"end":{"line":286,"column":5}},"loc":{"start":{"line":286,"column":20},"end":{"line":286,"column":47}},"line":286},"12":{"name":"(anonymous_12)","decl":{"start":{"line":342,"column":26},"end":{"line":342,"column":27}},"loc":{"start":{"line":342,"column":46},"end":{"line":385,"column":1}},"line":342},"13":{"name":"(anonymous_13)","decl":{"start":{"line":348,"column":4},"end":{"line":348,"column":5}},"loc":{"start":{"line":348,"column":20},"end":{"line":348,"column":47}},"line":348}},"branchMap":{"0":{"loc":{"start":{"line":15,"column":2},"end":{"line":21,"column":3}},"type":"if","locations":[{"start":{"line":15,"column":2},"end":{"line":21,"column":3}},{"start":{},"end":{}}],"line":15},"1":{"loc":{"start":{"line":26,"column":2},"end":{"line":32,"column":3}},"type":"if","locations":[{"start":{"line":26,"column":2},"end":{"line":32,"column":3}},{"start":{},"end":{}}],"line":26},"2":{"loc":{"start":{"line":74,"column":2},"end":{"line":80,"column":3}},"type":"if","locations":[{"start":{"line":74,"column":2},"end":{"line":80,"column":3}},{"start":{},"end":{}}],"line":74},"3":{"loc":{"start":{"line":109,"column":2},"end":{"line":115,"column":3}},"type":"if","locations":[{"start":{"line":109,"column":2},"end":{"line":115,"column":3}},{"start":{},"end":{}}],"line":109},"4":{"loc":{"start":{"line":125,"column":2},"end":{"line":131,"column":3}},"type":"if","locations":[{"start":{"line":125,"column":2},"end":{"line":131,"column":3}},{"start":{},"end":{}}],"line":125},"5":{"loc":{"start":{"line":154,"column":2},"end":{"line":160,"column":3}},"type":"if","locations":[{"start":{"line":154,"column":2},"end":{"line":160,"column":3}},{"start":{},"end":{}}],"line":154},"6":{"loc":{"start":{"line":167,"column":2},"end":{"line":173,"column":3}},"type":"if","locations":[{"start":{"line":167,"column":2},"end":{"line":173,"column":3}},{"start":{},"end":{}}],"line":167},"7":{"loc":{"start":{"line":175,"column":2},"end":{"line":186,"column":3}},"type":"if","locations":[{"start":{"line":175,"column":2},"end":{"line":186,"column":3}},{"start":{},"end":{}}],"line":175},"8":{"loc":{"start":{"line":179,"column":4},"end":{"line":185,"column":5}},"type":"if","locations":[{"start":{"line":179,"column":4},"end":{"line":185,"column":5}},{"start":{},"end":{}}],"line":179},"9":{"loc":{"start":{"line":191,"column":4},"end":{"line":194,"column":5}},"type":"if","locations":[{"start":{"line":191,"column":4},"end":{"line":194,"column":5}},{"start":{},"end":{}}],"line":191},"10":{"loc":{"start":{"line":196,"column":16},"end":{"line":196,"column":33}},"type":"binary-expr","locations":[{"start":{"line":196,"column":16},"end":{"line":196,"column":20}},{"start":{"line":196,"column":24},"end":{"line":196,"column":33}}],"line":196},"11":{"loc":{"start":{"line":197,"column":20},"end":{"line":197,"column":45}},"type":"binary-expr","locations":[{"start":{"line":197,"column":20},"end":{"line":197,"column":28}},{"start":{"line":197,"column":32},"end":{"line":197,"column":45}}],"line":197},"12":{"loc":{"start":{"line":198,"column":17},"end":{"line":198,"column":51}},"type":"binary-expr","locations":[{"start":{"line":198,"column":17},"end":{"line":198,"column":37}},{"start":{"line":198,"column":41},"end":{"line":198,"column":51}}],"line":198},"13":{"loc":{"start":{"line":199,"column":20},"end":{"line":199,"column":51}},"type":"binary-expr","locations":[{"start":{"line":199,"column":20},"end":{"line":199,"column":34}},{"start":{"line":199,"column":38},"end":{"line":199,"column":51}}],"line":199},"14":{"loc":{"start":{"line":223,"column":2},"end":{"line":229,"column":3}},"type":"if","locations":[{"start":{"line":223,"column":2},"end":{"line":229,"column":3}},{"start":{},"end":{}}],"line":223},"15":{"loc":{"start":{"line":236,"column":2},"end":{"line":242,"column":3}},"type":"if","locations":[{"start":{"line":236,"column":2},"end":{"line":242,"column":3}},{"start":{},"end":{}}],"line":236},"16":{"loc":{"start":{"line":250,"column":2},"end":{"line":256,"column":3}},"type":"if","locations":[{"start":{"line":250,"column":2},"end":{"line":256,"column":3}},{"start":{},"end":{}}],"line":250},"17":{"loc":{"start":{"line":289,"column":2},"end":{"line":295,"column":3}},"type":"if","locations":[{"start":{"line":289,"column":2},"end":{"line":295,"column":3}},{"start":{},"end":{}}],"line":289},"18":{"loc":{"start":{"line":302,"column":2},"end":{"line":308,"column":3}},"type":"if","locations":[{"start":{"line":302,"column":2},"end":{"line":308,"column":3}},{"start":{},"end":{}}],"line":302},"19":{"loc":{"start":{"line":316,"column":2},"end":{"line":322,"column":3}},"type":"if","locations":[{"start":{"line":316,"column":2},"end":{"line":322,"column":3}},{"start":{},"end":{}}],"line":316},"20":{"loc":{"start":{"line":351,"column":2},"end":{"line":357,"column":3}},"type":"if","locations":[{"start":{"line":351,"column":2},"end":{"line":357,"column":3}},{"start":{},"end":{}}],"line":351},"21":{"loc":{"start":{"line":364,"column":2},"end":{"line":370,"column":3}},"type":"if","locations":[{"start":{"line":364,"column":2},"end":{"line":370,"column":3}},{"start":{},"end":{}}],"line":364}},"s":{"0":1,"1":0,"2":0,"3":0,"4":0,"5":0,"6":0,"7":0,"8":0,"9":0,"10":0,"11":0,"12":0,"13":0,"14":0,"15":0,"16":0,"17":0,"18":0,"19":1,"20":0,"21":0,"22":0,"23":0,"24":0,"25":0,"26":0,"27":0,"28":0,"29":0,"30":1,"31":0,"32":0,"33":0,"34":0,"35":0,"36":0,"37":0,"38":0,"39":0,"40":0,"41":0,"42":0,"43":0,"44":0,"45":1,"46":0,"47":0,"48":0,"49":0,"50":0,"51":0,"52":0,"53":0,"54":0,"55":0,"56":0,"57":0,"58":0,"59":0,"60":0,"61":0,"62":0,"63":0,"64":0,"65":0,"66":0,"67":0,"68":0,"69":0,"70":0,"71":0,"72":0,"73":1,"74":0,"75":0,"76":0,"77":0,"78":0,"79":0,"80":0,"81":0,"82":0,"83":0,"84":0,"85":0,"86":0,"87":0,"88":0,"89":0,"90":0,"91":0,"92":0,"93":0,"94":0,"95":1,"96":0,"97":0,"98":0,"99":0,"100":0,"101":0,"102":0,"103":0,"104":0,"105":0,"106":0,"107":0,"108":0,"109":0,"110":0,"111":0,"112":0,"113":0,"114":0,"115":0,"116":1,"117":0,"118":0,"119":0,"120":0,"121":0,"122":0,"123":0,"124":0,"125":0,"126":0,"127":0,"128":0,"129":0,"130":0,"131":0},"f":{"0":0,"1":0,"2":0,"3":0,"4":0,"5":0,"6":0,"7":0,"8":0,"9":0,"10":0,"11":0,"12":0,"13":0},"b":{"0":[0,0],"1":[0,0],"2":[0,0],"3":[0,0],"4":[0,0],"5":[0,0],"6":[0,0],"7":[0,0],"8":[0,0],"9":[0,0],"10":[0,0],"11":[0,0],"12":[0,0],"13":[0,0],"14":[0,0],"15":[0,0],"16":[0,0],"17":[0,0],"18":[0,0],"19":[0,0],"20":[0,0],"21":[0,0]},"_coverageSchema":"1a1c01bbd47fc00a2c39e90264f33305004495a9","hash":"02bda1f47a59c7f5269c0dd089256d431d33ae16"}
,"/Users/jorgetrejo/Desktop/Projects/fullStackChallenge/server/src/database/config.js": {"path":"/Users/jorgetrejo/Desktop/Projects/fullStackChallenge/server/src/database/config.js","statementMap":{"0":{"start":{"line":5,"column":0},"end":{"line":5,"column":16}},"1":{"start":{"line":8,"column":2},"end":{"line":10,"column":32}},"2":{"start":{"line":11,"column":17},"end":{"line":11,"column":39}},"3":{"start":{"line":12,"column":17},"end":{"line":12,"column":43}},"4":{"start":{"line":13,"column":13},"end":{"line":13,"column":35}},"5":{"start":{"line":15,"column":18},"end":{"line":18,"column":2}}},"fnMap":{},"branchMap":{"0":{"loc":{"start":{"line":8,"column":2},"end":{"line":10,"column":32}},"type":"cond-expr","locations":[{"start":{"line":9,"column":6},"end":{"line":9,"column":37}},{"start":{"line":10,"column":6},"end":{"line":10,"column":32}}],"line":8}},"s":{"0":1,"1":1,"2":1,"3":1,"4":1,"5":1},"f":{},"b":{"0":[0,1]},"_coverageSchema":"1a1c01bbd47fc00a2c39e90264f33305004495a9","hash":"2b27f330a26fff92248e13dc314ac0d9e14cdce8"}
,"/Users/jorgetrejo/Desktop/Projects/fullStackChallenge/server/src/helpers/generateJWT.js": {"path":"/Users/jorgetrejo/Desktop/Projects/fullStackChallenge/server/src/helpers/generateJWT.js","statementMap":{"0":{"start":{"line":3,"column":20},"end":{"line":7,"column":1}},"1":{"start":{"line":4,"column":2},"end":{"line":6,"column":5}}},"fnMap":{"0":{"name":"(anonymous_0)","decl":{"start":{"line":3,"column":20},"end":{"line":3,"column":21}},"loc":{"start":{"line":3,"column":28},"end":{"line":7,"column":1}},"line":3}},"branchMap":{},"s":{"0":1,"1":1},"f":{"0":1},"b":{},"_coverageSchema":"1a1c01bbd47fc00a2c39e90264f33305004495a9","hash":"1fa3f158002fc98debaae04486a895987feabc5f"}
,"/Users/jorgetrejo/Desktop/Projects/fullStackChallenge/server/src/middlewares/checkAuth.js": {"path":"/Users/jorgetrejo/Desktop/Projects/fullStackChallenge/server/src/middlewares/checkAuth.js","statementMap":{"0":{"start":{"line":5,"column":18},"end":{"line":52,"column":1}},"1":{"start":{"line":8,"column":2},"end":{"line":43,"column":3}},"2":{"start":{"line":12,"column":4},"end":{"line":42,"column":5}},"3":{"start":{"line":13,"column":6},"end":{"line":13,"column":54}},"4":{"start":{"line":15,"column":22},"end":{"line":15,"column":63}},"5":{"start":{"line":17,"column":26},"end":{"line":19,"column":8}},"6":{"start":{"line":21,"column":6},"end":{"line":34,"column":7}},"7":{"start":{"line":22,"column":8},"end":{"line":25,"column":11}},"8":{"start":{"line":27,"column":8},"end":{"line":27,"column":63}},"9":{"start":{"line":29,"column":8},"end":{"line":31,"column":11}},"10":{"start":{"line":33,"column":8},"end":{"line":33,"column":63}},"11":{"start":{"line":36,"column":6},"end":{"line":36,"column":20}},"12":{"start":{"line":38,"column":6},"end":{"line":38,"column":25}},"13":{"start":{"line":39,"column":6},"end":{"line":41,"column":74}},"14":{"start":{"line":45,"column":2},"end":{"line":49,"column":3}},"15":{"start":{"line":46,"column":4},"end":{"line":48,"column":68}},"16":{"start":{"line":51,"column":2},"end":{"line":51,"column":9}}},"fnMap":{"0":{"name":"(anonymous_0)","decl":{"start":{"line":5,"column":18},"end":{"line":5,"column":19}},"loc":{"start":{"line":5,"column":44},"end":{"line":52,"column":1}},"line":5}},"branchMap":{"0":{"loc":{"start":{"line":8,"column":2},"end":{"line":43,"column":3}},"type":"if","locations":[{"start":{"line":8,"column":2},"end":{"line":43,"column":3}},{"start":{},"end":{}}],"line":8},"1":{"loc":{"start":{"line":9,"column":4},"end":{"line":10,"column":50}},"type":"binary-expr","locations":[{"start":{"line":9,"column":4},"end":{"line":9,"column":29}},{"start":{"line":10,"column":4},"end":{"line":10,"column":50}}],"line":9},"2":{"loc":{"start":{"line":21,"column":6},"end":{"line":34,"column":7}},"type":"if","locations":[{"start":{"line":21,"column":6},"end":{"line":34,"column":7}},{"start":{"line":28,"column":13},"end":{"line":34,"column":7}}],"line":21},"3":{"loc":{"start":{"line":45,"column":2},"end":{"line":49,"column":3}},"type":"if","locations":[{"start":{"line":45,"column":2},"end":{"line":49,"column":3}},{"start":{},"end":{}}],"line":45}},"s":{"0":1,"1":0,"2":0,"3":0,"4":0,"5":0,"6":0,"7":0,"8":0,"9":0,"10":0,"11":0,"12":0,"13":0,"14":0,"15":0,"16":0},"f":{"0":0},"b":{"0":[0,0],"1":[0,0],"2":[0,0],"3":[0,0]},"_coverageSchema":"1a1c01bbd47fc00a2c39e90264f33305004495a9","hash":"34518ee4bb2e7c869dc8c84efac050aa7934359e"}
,"/Users/jorgetrejo/Desktop/Projects/fullStackChallenge/server/src/models/log.model.js": {"path":"/Users/jorgetrejo/Desktop/Projects/fullStackChallenge/server/src/models/log.model.js","statementMap":{"0":{"start":{"line":5,"column":12},"end":{"line":20,"column":1}}},"fnMap":{},"branchMap":{},"s":{"0":1},"f":{},"b":{},"_coverageSchema":"1a1c01bbd47fc00a2c39e90264f33305004495a9","hash":"6ac62574dba287ff168d9cd19940cf55da2b667b"}
,"/Users/jorgetrejo/Desktop/Projects/fullStackChallenge/server/src/models/permission.model.js": {"path":"/Users/jorgetrejo/Desktop/Projects/fullStackChallenge/server/src/models/permission.model.js","statementMap":{"0":{"start":{"line":4,"column":19},"end":{"line":19,"column":1}}},"fnMap":{},"branchMap":{},"s":{"0":1},"f":{},"b":{},"_coverageSchema":"1a1c01bbd47fc00a2c39e90264f33305004495a9","hash":"179362764d8bf8b5a60df0a83f23819474d40add"}
,"/Users/jorgetrejo/Desktop/Projects/fullStackChallenge/server/src/models/post.model.js": {"path":"/Users/jorgetrejo/Desktop/Projects/fullStackChallenge/server/src/models/post.model.js","statementMap":{"0":{"start":{"line":5,"column":13},"end":{"line":23,"column":1}},"1":{"start":{"line":25,"column":0},"end":{"line":28,"column":3}},"2":{"start":{"line":30,"column":0},"end":{"line":34,"column":3}}},"fnMap":{},"branchMap":{},"s":{"0":1,"1":1,"2":1},"f":{},"b":{},"_coverageSchema":"1a1c01bbd47fc00a2c39e90264f33305004495a9","hash":"7aff2cc469b4a0efcef268ae73a9a5aeb547ee2b"}
,"/Users/jorgetrejo/Desktop/Projects/fullStackChallenge/server/src/models/reviews.model.js": {"path":"/Users/jorgetrejo/Desktop/Projects/fullStackChallenge/server/src/models/reviews.model.js","statementMap":{"0":{"start":{"line":4,"column":15},"end":{"line":22,"column":1}}},"fnMap":{},"branchMap":{},"s":{"0":1},"f":{},"b":{},"_coverageSchema":"1a1c01bbd47fc00a2c39e90264f33305004495a9","hash":"7eb10d271db49a366fb3f8153dd6da1c4a3cec9d"}
,"/Users/jorgetrejo/Desktop/Projects/fullStackChallenge/server/src/models/user.model.js": {"path":"/Users/jorgetrejo/Desktop/Projects/fullStackChallenge/server/src/models/user.model.js","statementMap":{"0":{"start":{"line":7,"column":13},"end":{"line":35,"column":1}},"1":{"start":{"line":37,"column":0},"end":{"line":41,"column":3}},"2":{"start":{"line":43,"column":0},"end":{"line":47,"column":3}},"3":{"start":{"line":49,"column":0},"end":{"line":52,"column":3}},"4":{"start":{"line":54,"column":0},"end":{"line":57,"column":3}},"5":{"start":{"line":60,"column":0},"end":{"line":95,"column":5}},"6":{"start":{"line":62,"column":15},"end":{"line":62,"column":39}},"7":{"start":{"line":63,"column":25},"end":{"line":63,"column":60}},"8":{"start":{"line":66,"column":24},"end":{"line":66,"column":64}},"9":{"start":{"line":67,"column":2},"end":{"line":94,"column":3}},"10":{"start":{"line":68,"column":20},"end":{"line":74,"column":5}},"11":{"start":{"line":75,"column":22},"end":{"line":79,"column":5}},"12":{"start":{"line":80,"column":20},"end":{"line":84,"column":5}},"13":{"start":{"line":85,"column":28},"end":{"line":89,"column":5}},"14":{"start":{"line":90,"column":4},"end":{"line":90,"column":31}},"15":{"start":{"line":91,"column":4},"end":{"line":91,"column":39}},"16":{"start":{"line":92,"column":4},"end":{"line":92,"column":37}},"17":{"start":{"line":93,"column":4},"end":{"line":93,"column":45}}},"fnMap":{"0":{"name":"(anonymous_0)","decl":{"start":{"line":60,"column":1},"end":{"line":60,"column":2}},"loc":{"start":{"line":60,"column":13},"end":{"line":95,"column":1}},"line":60}},"branchMap":{"0":{"loc":{"start":{"line":67,"column":2},"end":{"line":94,"column":3}},"type":"if","locations":[{"start":{"line":67,"column":2},"end":{"line":94,"column":3}},{"start":{},"end":{}}],"line":67}},"s":{"0":1,"1":1,"2":1,"3":1,"4":1,"5":1,"6":1,"7":1,"8":1,"9":1,"10":0,"11":0,"12":0,"13":0,"14":0,"15":0,"16":0,"17":0},"f":{"0":1},"b":{"0":[0,1]},"_coverageSchema":"1a1c01bbd47fc00a2c39e90264f33305004495a9","hash":"26b4e5fd4d2a705be1ded013b4561348c7d5bcbf"}
,"/Users/jorgetrejo/Desktop/Projects/fullStackChallenge/server/src/routes/v1/auth.routes.js": {"path":"/Users/jorgetrejo/Desktop/Projects/fullStackChallenge/server/src/routes/v1/auth.routes.js","statementMap":{"0":{"start":{"line":5,"column":15},"end":{"line":5,"column":31}},"1":{"start":{"line":32,"column":0},"end":{"line":32,"column":45}},"2":{"start":{"line":36,"column":0},"end":{"line":36,"column":46}}},"fnMap":{},"branchMap":{},"s":{"0":1,"1":1,"2":1},"f":{},"b":{},"_coverageSchema":"1a1c01bbd47fc00a2c39e90264f33305004495a9","hash":"3dffce380fb008dc2fa0ac526bef15e5cf764677"}
,"/Users/jorgetrejo/Desktop/Projects/fullStackChallenge/server/src/routes/v1/post.routes.js": {"path":"/Users/jorgetrejo/Desktop/Projects/fullStackChallenge/server/src/routes/v1/post.routes.js","statementMap":{"0":{"start":{"line":17,"column":15},"end":{"line":17,"column":31}},"1":{"start":{"line":20,"column":0},"end":{"line":23,"column":20}},"2":{"start":{"line":26,"column":0},"end":{"line":26,"column":65}},"3":{"start":{"line":29,"column":0},"end":{"line":33,"column":46}},"4":{"start":{"line":36,"column":0},"end":{"line":36,"column":47}}},"fnMap":{},"branchMap":{},"s":{"0":1,"1":1,"2":1,"3":1,"4":1},"f":{},"b":{},"_coverageSchema":"1a1c01bbd47fc00a2c39e90264f33305004495a9","hash":"13bd43ffb1e4b35599b97292e2f61a48dff0982b"}
,"/Users/jorgetrejo/Desktop/Projects/fullStackChallenge/server/src/routes/v1/user.routes.js": {"path":"/Users/jorgetrejo/Desktop/Projects/fullStackChallenge/server/src/routes/v1/user.routes.js","statementMap":{"0":{"start":{"line":16,"column":15},"end":{"line":16,"column":31}},"1":{"start":{"line":46,"column":0},"end":{"line":49,"column":31}},"2":{"start":{"line":51,"column":0},"end":{"line":55,"column":33}},"3":{"start":{"line":57,"column":0},"end":{"line":60,"column":57}}},"fnMap":{},"branchMap":{},"s":{"0":1,"1":1,"2":1,"3":1},"f":{},"b":{},"_coverageSchema":"1a1c01bbd47fc00a2c39e90264f33305004495a9","hash":"6764bac9343c67852bd4542b4a6ffcdfc490085d"}
,"/Users/jorgetrejo/Desktop/Projects/fullStackChallenge/server/src/validators/auth.validator.js": {"path":"/Users/jorgetrejo/Desktop/Projects/fullStackChallenge/server/src/validators/auth.validator.js","statementMap":{"0":{"start":{"line":3,"column":30},"end":{"line":24,"column":1}},"1":{"start":{"line":17,"column":4},"end":{"line":22,"column":5}},"2":{"start":{"line":18,"column":6},"end":{"line":18,"column":36}},"3":{"start":{"line":19,"column":6},"end":{"line":19,"column":20}},"4":{"start":{"line":21,"column":6},"end":{"line":21,"column":54}}},"fnMap":{"0":{"name":"(anonymous_0)","decl":{"start":{"line":16,"column":2},"end":{"line":16,"column":3}},"loc":{"start":{"line":16,"column":22},"end":{"line":23,"column":3}},"line":16}},"branchMap":{},"s":{"0":1,"1":3,"2":3,"3":2,"4":1},"f":{"0":3},"b":{},"_coverageSchema":"1a1c01bbd47fc00a2c39e90264f33305004495a9","hash":"51fe21ddd0a17000e014cd998c8d6fb456a7607f"}
,"/Users/jorgetrejo/Desktop/Projects/fullStackChallenge/server/src/validators/post.validator.js": {"path":"/Users/jorgetrejo/Desktop/Projects/fullStackChallenge/server/src/validators/post.validator.js","statementMap":{"0":{"start":{"line":4,"column":35},"end":{"line":15,"column":1}},"1":{"start":{"line":8,"column":4},"end":{"line":13,"column":5}},"2":{"start":{"line":9,"column":6},"end":{"line":9,"column":36}},"3":{"start":{"line":10,"column":6},"end":{"line":10,"column":20}},"4":{"start":{"line":12,"column":6},"end":{"line":12,"column":54}},"5":{"start":{"line":18,"column":37},"end":{"line":34,"column":1}},"6":{"start":{"line":27,"column":4},"end":{"line":32,"column":5}},"7":{"start":{"line":28,"column":6},"end":{"line":28,"column":36}},"8":{"start":{"line":29,"column":6},"end":{"line":29,"column":20}},"9":{"start":{"line":31,"column":6},"end":{"line":31,"column":54}},"10":{"start":{"line":37,"column":27},"end":{"line":51,"column":1}},"11":{"start":{"line":44,"column":4},"end":{"line":49,"column":5}},"12":{"start":{"line":45,"column":6},"end":{"line":45,"column":36}},"13":{"start":{"line":46,"column":6},"end":{"line":46,"column":20}},"14":{"start":{"line":48,"column":6},"end":{"line":48,"column":54}}},"fnMap":{"0":{"name":"(anonymous_0)","decl":{"start":{"line":7,"column":2},"end":{"line":7,"column":3}},"loc":{"start":{"line":7,"column":22},"end":{"line":14,"column":3}},"line":7},"1":{"name":"(anonymous_1)","decl":{"start":{"line":26,"column":2},"end":{"line":26,"column":3}},"loc":{"start":{"line":26,"column":22},"end":{"line":33,"column":3}},"line":26},"2":{"name":"(anonymous_2)","decl":{"start":{"line":43,"column":2},"end":{"line":43,"column":3}},"loc":{"start":{"line":43,"column":22},"end":{"line":50,"column":3}},"line":43}},"branchMap":{},"s":{"0":1,"1":0,"2":0,"3":0,"4":0,"5":1,"6":0,"7":0,"8":0,"9":0,"10":1,"11":0,"12":0,"13":0,"14":0},"f":{"0":0,"1":0,"2":0},"b":{},"_coverageSchema":"1a1c01bbd47fc00a2c39e90264f33305004495a9","hash":"03ccac9ca4c6ddeb22e69d610b13ef236ad9ba92"}
,"/Users/jorgetrejo/Desktop/Projects/fullStackChallenge/server/src/validators/user.validator.js": {"path":"/Users/jorgetrejo/Desktop/Projects/fullStackChallenge/server/src/validators/user.validator.js","statementMap":{"0":{"start":{"line":3,"column":35},"end":{"line":26,"column":1}},"1":{"start":{"line":19,"column":4},"end":{"line":24,"column":5}},"2":{"start":{"line":20,"column":6},"end":{"line":20,"column":36}},"3":{"start":{"line":21,"column":6},"end":{"line":21,"column":20}},"4":{"start":{"line":23,"column":6},"end":{"line":23,"column":54}},"5":{"start":{"line":28,"column":35},"end":{"line":38,"column":1}},"6":{"start":{"line":31,"column":4},"end":{"line":36,"column":5}},"7":{"start":{"line":32,"column":6},"end":{"line":32,"column":36}},"8":{"start":{"line":33,"column":6},"end":{"line":33,"column":20}},"9":{"start":{"line":35,"column":6},"end":{"line":35,"column":54}}},"fnMap":{"0":{"name":"(anonymous_0)","decl":{"start":{"line":18,"column":2},"end":{"line":18,"column":3}},"loc":{"start":{"line":18,"column":22},"end":{"line":25,"column":3}},"line":18},"1":{"name":"(anonymous_1)","decl":{"start":{"line":30,"column":2},"end":{"line":30,"column":3}},"loc":{"start":{"line":30,"column":22},"end":{"line":37,"column":3}},"line":30}},"branchMap":{},"s":{"0":1,"1":0,"2":0,"3":0,"4":0,"5":1,"6":0,"7":0,"8":0,"9":0},"f":{"0":0,"1":0},"b":{},"_coverageSchema":"1a1c01bbd47fc00a2c39e90264f33305004495a9","hash":"73f14286d71f5b4794158c9d37e007b2533b4bd7"}
}
